mode: set
github.com/syst3mctl/satsavi-sdk-go/client.go:27.40,32.2 1 1
github.com/syst3mctl/satsavi-sdk-go/client.go:35.76,42.16 3 1
github.com/syst3mctl/satsavi-sdk-go/client.go:42.16,44.3 1 0
github.com/syst3mctl/satsavi-sdk-go/client.go:45.2,47.38 2 1
github.com/syst3mctl/satsavi-sdk-go/client.go:47.38,49.3 1 0
github.com/syst3mctl/satsavi-sdk-go/client.go:51.2,52.65 2 1
github.com/syst3mctl/satsavi-sdk-go/client.go:52.65,54.3 1 0
github.com/syst3mctl/satsavi-sdk-go/client.go:56.2,57.12 2 1
github.com/syst3mctl/satsavi-sdk-go/client.go:61.68,63.16 2 1
github.com/syst3mctl/satsavi-sdk-go/client.go:63.16,65.3 1 0
github.com/syst3mctl/satsavi-sdk-go/client.go:66.2,68.38 2 1
github.com/syst3mctl/satsavi-sdk-go/client.go:68.38,70.3 1 0
github.com/syst3mctl/satsavi-sdk-go/client.go:72.2,75.65 2 1
github.com/syst3mctl/satsavi-sdk-go/client.go:75.65,77.3 1 0
github.com/syst3mctl/satsavi-sdk-go/client.go:79.2,79.28 1 1
github.com/syst3mctl/satsavi-sdk-go/client.go:99.112,101.17 2 1
github.com/syst3mctl/satsavi-sdk-go/client.go:101.17,103.17 2 1
github.com/syst3mctl/satsavi-sdk-go/client.go:103.17,105.4 1 0
github.com/syst3mctl/satsavi-sdk-go/client.go:106.3,106.41 1 1
github.com/syst3mctl/satsavi-sdk-go/client.go:109.2,110.16 2 1
github.com/syst3mctl/satsavi-sdk-go/client.go:110.16,112.3 1 0
github.com/syst3mctl/satsavi-sdk-go/client.go:114.2,115.24 2 1
github.com/syst3mctl/satsavi-sdk-go/client.go:115.24,117.3 1 1
github.com/syst3mctl/satsavi-sdk-go/client.go:119.2,119.29 1 1
github.com/syst3mctl/satsavi-sdk-go/crypto.go:23.67,25.16 2 1
github.com/syst3mctl/satsavi-sdk-go/crypto.go:25.16,27.3 1 0
github.com/syst3mctl/satsavi-sdk-go/crypto.go:29.2,30.16 2 1
github.com/syst3mctl/satsavi-sdk-go/crypto.go:30.16,32.3 1 0
github.com/syst3mctl/satsavi-sdk-go/crypto.go:34.2,35.59 2 1
github.com/syst3mctl/satsavi-sdk-go/crypto.go:35.59,37.3 1 0
github.com/syst3mctl/satsavi-sdk-go/crypto.go:39.2,44.8 2 1
github.com/syst3mctl/satsavi-sdk-go/crypto.go:48.71,50.16 2 1
github.com/syst3mctl/satsavi-sdk-go/crypto.go:50.16,52.3 1 0
github.com/syst3mctl/satsavi-sdk-go/crypto.go:54.2,55.16 2 1
github.com/syst3mctl/satsavi-sdk-go/crypto.go:55.16,57.3 1 0
github.com/syst3mctl/satsavi-sdk-go/crypto.go:59.2,60.16 2 1
github.com/syst3mctl/satsavi-sdk-go/crypto.go:60.16,62.3 1 0
github.com/syst3mctl/satsavi-sdk-go/crypto.go:64.2,65.16 2 1
github.com/syst3mctl/satsavi-sdk-go/crypto.go:65.16,67.3 1 0
github.com/syst3mctl/satsavi-sdk-go/crypto.go:69.2,70.16 2 1
github.com/syst3mctl/satsavi-sdk-go/crypto.go:70.16,72.3 1 0
github.com/syst3mctl/satsavi-sdk-go/crypto.go:74.2,74.31 1 1
github.com/syst3mctl/satsavi-sdk-go/crypto.go:78.42,80.42 2 1
github.com/syst3mctl/satsavi-sdk-go/crypto.go:80.42,82.3 1 0
github.com/syst3mctl/satsavi-sdk-go/crypto.go:83.2,83.17 1 1
github.com/syst3mctl/satsavi-sdk-go/crypto.go:87.69,89.18 2 1
github.com/syst3mctl/satsavi-sdk-go/crypto.go:89.18,91.3 1 0
github.com/syst3mctl/satsavi-sdk-go/crypto.go:93.2,94.16 2 1
github.com/syst3mctl/satsavi-sdk-go/crypto.go:94.16,96.3 1 0
github.com/syst3mctl/satsavi-sdk-go/crypto.go:98.2,99.9 2 1
github.com/syst3mctl/satsavi-sdk-go/crypto.go:99.9,101.3 1 0
github.com/syst3mctl/satsavi-sdk-go/crypto.go:103.2,104.16 2 1
github.com/syst3mctl/satsavi-sdk-go/crypto.go:104.16,106.3 1 0
github.com/syst3mctl/satsavi-sdk-go/crypto.go:108.2,108.59 1 1
github.com/syst3mctl/satsavi-sdk-go/secrets.go:29.124,32.16 2 1
github.com/syst3mctl/satsavi-sdk-go/secrets.go:32.16,34.3 1 0
github.com/syst3mctl/satsavi-sdk-go/secrets.go:35.2,35.29 1 1
github.com/syst3mctl/satsavi-sdk-go/secrets.go:35.29,36.21 1 1
github.com/syst3mctl/satsavi-sdk-go/secrets.go:36.21,38.4 1 1
github.com/syst3mctl/satsavi-sdk-go/secrets.go:42.2,43.16 2 1
github.com/syst3mctl/satsavi-sdk-go/secrets.go:43.16,45.3 1 0
github.com/syst3mctl/satsavi-sdk-go/secrets.go:48.2,49.16 2 1
github.com/syst3mctl/satsavi-sdk-go/secrets.go:49.16,51.3 1 0
github.com/syst3mctl/satsavi-sdk-go/secrets.go:53.2,54.16 2 1
github.com/syst3mctl/satsavi-sdk-go/secrets.go:54.16,56.3 1 0
github.com/syst3mctl/satsavi-sdk-go/secrets.go:59.2,60.16 2 1
github.com/syst3mctl/satsavi-sdk-go/secrets.go:60.16,62.3 1 0
github.com/syst3mctl/satsavi-sdk-go/secrets.go:64.2,65.16 2 1
github.com/syst3mctl/satsavi-sdk-go/secrets.go:65.16,67.3 1 0
github.com/syst3mctl/satsavi-sdk-go/secrets.go:70.2,71.22 2 1
github.com/syst3mctl/satsavi-sdk-go/secrets.go:71.22,76.3 1 1
github.com/syst3mctl/satsavi-sdk-go/secrets.go:79.2,89.16 3 1
github.com/syst3mctl/satsavi-sdk-go/secrets.go:89.16,91.3 1 0
github.com/syst3mctl/satsavi-sdk-go/secrets.go:92.2,94.43 2 1
github.com/syst3mctl/satsavi-sdk-go/secrets.go:94.43,96.3 1 0
github.com/syst3mctl/satsavi-sdk-go/secrets.go:98.2,99.67 2 1
github.com/syst3mctl/satsavi-sdk-go/secrets.go:99.67,101.3 1 0
github.com/syst3mctl/satsavi-sdk-go/secrets.go:103.2,103.21 1 1
github.com/syst3mctl/satsavi-sdk-go/secrets.go:107.93,110.16 2 1
github.com/syst3mctl/satsavi-sdk-go/secrets.go:110.16,112.3 1 0
github.com/syst3mctl/satsavi-sdk-go/secrets.go:113.2,115.38 2 1
github.com/syst3mctl/satsavi-sdk-go/secrets.go:115.38,117.3 1 1
github.com/syst3mctl/satsavi-sdk-go/secrets.go:119.2,120.67 2 1
github.com/syst3mctl/satsavi-sdk-go/secrets.go:120.67,122.3 1 0
github.com/syst3mctl/satsavi-sdk-go/secrets.go:125.2,128.16 2 1
github.com/syst3mctl/satsavi-sdk-go/secrets.go:128.16,130.3 1 0
github.com/syst3mctl/satsavi-sdk-go/secrets.go:131.2,133.44 2 1
github.com/syst3mctl/satsavi-sdk-go/secrets.go:133.44,135.3 1 0
github.com/syst3mctl/satsavi-sdk-go/secrets.go:137.2,140.77 2 1
github.com/syst3mctl/satsavi-sdk-go/secrets.go:140.77,142.3 1 1
github.com/syst3mctl/satsavi-sdk-go/secrets.go:144.2,145.16 2 1
github.com/syst3mctl/satsavi-sdk-go/secrets.go:145.16,147.3 1 0
github.com/syst3mctl/satsavi-sdk-go/secrets.go:150.2,151.16 2 1
github.com/syst3mctl/satsavi-sdk-go/secrets.go:151.16,153.3 1 0
github.com/syst3mctl/satsavi-sdk-go/secrets.go:155.2,156.63 2 1
github.com/syst3mctl/satsavi-sdk-go/secrets.go:156.63,158.3 1 0
github.com/syst3mctl/satsavi-sdk-go/secrets.go:160.2,160.18 1 1
github.com/syst3mctl/satsavi-sdk-go/secrets.go:164.87,166.16 2 1
github.com/syst3mctl/satsavi-sdk-go/secrets.go:166.16,168.3 1 0
github.com/syst3mctl/satsavi-sdk-go/secrets.go:169.2,171.38 2 1
github.com/syst3mctl/satsavi-sdk-go/secrets.go:171.38,173.3 1 0
github.com/syst3mctl/satsavi-sdk-go/secrets.go:175.2,176.68 2 1
github.com/syst3mctl/satsavi-sdk-go/secrets.go:176.68,178.3 1 0
github.com/syst3mctl/satsavi-sdk-go/secrets.go:180.2,180.21 1 1
github.com/syst3mctl/satsavi-sdk-go/secrets.go:184.141,187.16 2 1
github.com/syst3mctl/satsavi-sdk-go/secrets.go:187.16,189.3 1 0
github.com/syst3mctl/satsavi-sdk-go/secrets.go:192.2,192.25 1 1
github.com/syst3mctl/satsavi-sdk-go/secrets.go:192.25,194.3 1 1
github.com/syst3mctl/satsavi-sdk-go/secrets.go:197.2,198.16 2 1
github.com/syst3mctl/satsavi-sdk-go/secrets.go:198.16,200.3 1 0
github.com/syst3mctl/satsavi-sdk-go/secrets.go:203.2,204.16 2 1
github.com/syst3mctl/satsavi-sdk-go/secrets.go:204.16,206.3 1 0
github.com/syst3mctl/satsavi-sdk-go/secrets.go:208.2,209.16 2 1
github.com/syst3mctl/satsavi-sdk-go/secrets.go:209.16,211.3 1 0
github.com/syst3mctl/satsavi-sdk-go/secrets.go:214.2,215.16 2 1
github.com/syst3mctl/satsavi-sdk-go/secrets.go:215.16,217.3 1 0
github.com/syst3mctl/satsavi-sdk-go/secrets.go:219.2,220.16 2 1
github.com/syst3mctl/satsavi-sdk-go/secrets.go:220.16,222.3 1 0
github.com/syst3mctl/satsavi-sdk-go/secrets.go:225.2,226.30 2 1
github.com/syst3mctl/satsavi-sdk-go/secrets.go:226.30,231.3 1 1
github.com/syst3mctl/satsavi-sdk-go/secrets.go:234.2,245.16 3 1
github.com/syst3mctl/satsavi-sdk-go/secrets.go:245.16,247.3 1 0
github.com/syst3mctl/satsavi-sdk-go/secrets.go:248.2,250.38 2 1
github.com/syst3mctl/satsavi-sdk-go/secrets.go:250.38,252.3 1 0
github.com/syst3mctl/satsavi-sdk-go/secrets.go:254.2,255.67 2 1
github.com/syst3mctl/satsavi-sdk-go/secrets.go:255.67,257.3 1 0
github.com/syst3mctl/satsavi-sdk-go/secrets.go:259.2,259.21 1 1
github.com/syst3mctl/satsavi-sdk-go/secrets.go:263.139,266.16 2 1
github.com/syst3mctl/satsavi-sdk-go/secrets.go:266.16,268.3 1 0
github.com/syst3mctl/satsavi-sdk-go/secrets.go:271.2,271.25 1 1
github.com/syst3mctl/satsavi-sdk-go/secrets.go:271.25,273.3 1 1
github.com/syst3mctl/satsavi-sdk-go/secrets.go:276.2,277.16 2 1
github.com/syst3mctl/satsavi-sdk-go/secrets.go:277.16,279.3 1 0
github.com/syst3mctl/satsavi-sdk-go/secrets.go:282.2,283.16 2 1
github.com/syst3mctl/satsavi-sdk-go/secrets.go:283.16,285.3 1 0
github.com/syst3mctl/satsavi-sdk-go/secrets.go:287.2,288.16 2 1
github.com/syst3mctl/satsavi-sdk-go/secrets.go:288.16,290.3 1 0
github.com/syst3mctl/satsavi-sdk-go/secrets.go:293.2,294.16 2 1
github.com/syst3mctl/satsavi-sdk-go/secrets.go:294.16,296.3 1 0
github.com/syst3mctl/satsavi-sdk-go/secrets.go:298.2,299.16 2 1
github.com/syst3mctl/satsavi-sdk-go/secrets.go:299.16,301.3 1 0
github.com/syst3mctl/satsavi-sdk-go/secrets.go:304.2,305.30 2 1
github.com/syst3mctl/satsavi-sdk-go/secrets.go:305.30,310.3 1 1
github.com/syst3mctl/satsavi-sdk-go/secrets.go:313.2,324.16 3 1
github.com/syst3mctl/satsavi-sdk-go/secrets.go:324.16,326.3 1 0
github.com/syst3mctl/satsavi-sdk-go/secrets.go:327.2,329.38 2 1
github.com/syst3mctl/satsavi-sdk-go/secrets.go:329.38,331.3 1 0
github.com/syst3mctl/satsavi-sdk-go/secrets.go:333.2,334.67 2 1
github.com/syst3mctl/satsavi-sdk-go/secrets.go:334.67,336.3 1 0
github.com/syst3mctl/satsavi-sdk-go/secrets.go:338.2,338.21 1 1
github.com/syst3mctl/satsavi-sdk-go/secrets.go:342.75,344.16 2 1
github.com/syst3mctl/satsavi-sdk-go/secrets.go:344.16,346.3 1 0
github.com/syst3mctl/satsavi-sdk-go/secrets.go:347.2,349.81 2 1
github.com/syst3mctl/satsavi-sdk-go/secrets.go:349.81,351.3 1 1
github.com/syst3mctl/satsavi-sdk-go/secrets.go:353.2,353.12 1 1
